Determining if the pthread_create exist failed with the following output:
Change Dir: /home/plankton/DDP/build/CMakeFiles/CMakeTmp

Run Build Command:"/usr/bin/make" "cmTC_7c731/fast"
/usr/bin/make -f CMakeFiles/cmTC_7c731.dir/build.make CMakeFiles/cmTC_7c731.dir/build
make[1]: Entering directory '/home/plankton/DDP/build/CMakeFiles/CMakeTmp'
Building C object CMakeFiles/cmTC_7c731.dir/CheckSymbolExists.c.o
/usr/bin/cc     -o CMakeFiles/cmTC_7c731.dir/CheckSymbolExists.c.o   -c /home/plankton/DDP/build/CMakeFiles/CMakeTmp/CheckSymbolExists.c
Linking C executable cmTC_7c731
/usr/bin/cmake -E cmake_link_script CMakeFiles/cmTC_7c731.dir/link.txt --verbose=1
/usr/bin/cc       CMakeFiles/cmTC_7c731.dir/CheckSymbolExists.c.o  -o cmTC_7c731 -rdynamic 
CMakeFiles/cmTC_7c731.dir/CheckSymbolExists.c.o: In function `main':
CheckSymbolExists.c:(.text+0x16): undefined reference to `pthread_create'
collect2: error: ld returned 1 exit status
CMakeFiles/cmTC_7c731.dir/build.make:97: recipe for target 'cmTC_7c731' failed
make[1]: *** [cmTC_7c731] Error 1
make[1]: Leaving directory '/home/plankton/DDP/build/CMakeFiles/CMakeTmp'
Makefile:126: recipe for target 'cmTC_7c731/fast' failed
make: *** [cmTC_7c731/fast] Error 2

File /home/plankton/DDP/build/CMakeFiles/CMakeTmp/CheckSymbolExists.c:
/* */
#include <pthread.h>

int main(int argc, char** argv)
{
  (void)argv;
#ifndef pthread_create
  return ((int*)(&pthread_create))[argc];
#else
  (void)argc;
  return 0;
#endif
}

Determining if the function pthread_create exists in the pthreads failed with the following output:
Change Dir: /home/plankton/DDP/build/CMakeFiles/CMakeTmp

Run Build Command:"/usr/bin/make" "cmTC_7ddef/fast"
/usr/bin/make -f CMakeFiles/cmTC_7ddef.dir/build.make CMakeFiles/cmTC_7ddef.dir/build
make[1]: Entering directory '/home/plankton/DDP/build/CMakeFiles/CMakeTmp'
Building C object CMakeFiles/cmTC_7ddef.dir/CheckFunctionExists.c.o
/usr/bin/cc    -DCHECK_FUNCTION_EXISTS=pthread_create   -o CMakeFiles/cmTC_7ddef.dir/CheckFunctionExists.c.o   -c /usr/share/cmake-3.5/Modules/CheckFunctionExists.c
Linking C executable cmTC_7ddef
/usr/bin/cmake -E cmake_link_script CMakeFiles/cmTC_7ddef.dir/link.txt --verbose=1
/usr/bin/cc   -DCHECK_FUNCTION_EXISTS=pthread_create    CMakeFiles/cmTC_7ddef.dir/CheckFunctionExists.c.o  -o cmTC_7ddef -rdynamic -lpthreads 
/usr/bin/ld: cannot find -lpthreads
collect2: error: ld returned 1 exit status
CMakeFiles/cmTC_7ddef.dir/build.make:97: recipe for target 'cmTC_7ddef' failed
make[1]: *** [cmTC_7ddef] Error 1
make[1]: Leaving directory '/home/plankton/DDP/build/CMakeFiles/CMakeTmp'
Makefile:126: recipe for target 'cmTC_7ddef/fast' failed
make: *** [cmTC_7ddef/fast] Error 2


